  [1m[35m (2.2ms)[0m  [1m[35mCREATE TABLE "schema_migrations" ("version" varchar NOT NULL PRIMARY KEY)[0m
  [1m[35m (2.5ms)[0m  [1m[35mCREATE TABLE "ar_internal_metadata" ("key" varchar NOT NULL PRIMARY KEY, "value" varchar, "created_at" datetime NOT NULL, "updated_at" datetime NOT NULL)[0m
  [1m[36mActiveRecord::SchemaMigration Load (0.2ms)[0m  [1m[34mSELECT "schema_migrations".* FROM "schema_migrations"[0m
Migrating to DeviseCreateUsers (20170225021136)
  [1m[35m (0.1ms)[0m  [1m[36mbegin transaction[0m
  [1m[35m (0.5ms)[0m  [1m[35mCREATE TABLE "users" ("id" INTEGER PRIMARY KEY AUTOINCREMENT NOT NULL, "first_name" varchar, "last_name" varchar, "email" varchar DEFAULT '' NOT NULL, "encrypted_password" varchar DEFAULT '' NOT NULL, "reset_password_token" varchar, "reset_password_sent_at" datetime, "remember_created_at" datetime, "sign_in_count" integer DEFAULT 0 NOT NULL, "current_sign_in_at" datetime, "last_sign_in_at" datetime, "current_sign_in_ip" varchar, "last_sign_in_ip" varchar, "confirmation_token" varchar, "confirmed_at" datetime, "confirmation_sent_at" datetime, "unconfirmed_email" varchar, "created_at" datetime NOT NULL, "updated_at" datetime NOT NULL)[0m
  [1m[35m (0.1ms)[0m  [1m[34mselect sqlite_version(*)[0m
  [1m[35m (28.0ms)[0m  [1m[35mCREATE UNIQUE INDEX "index_users_on_email" ON "users" ("email")[0m
  [1m[35m (0.1ms)[0m  [1m[34m            SELECT sql
            FROM sqlite_master
            WHERE name='index_users_on_email' AND type='index'
            UNION ALL
            SELECT sql
            FROM sqlite_temp_master
            WHERE name='index_users_on_email' AND type='index'
[0m
  [1m[35m (0.1ms)[0m  [1m[35mCREATE UNIQUE INDEX "index_users_on_reset_password_token" ON "users" ("reset_password_token")[0m
  [1m[35m (0.1ms)[0m  [1m[34m            SELECT sql
            FROM sqlite_master
            WHERE name='index_users_on_reset_password_token' AND type='index'
            UNION ALL
            SELECT sql
            FROM sqlite_temp_master
            WHERE name='index_users_on_reset_password_token' AND type='index'
[0m
  [1m[35m (0.1ms)[0m  [1m[34m            SELECT sql
            FROM sqlite_master
            WHERE name='index_users_on_email' AND type='index'
            UNION ALL
            SELECT sql
            FROM sqlite_temp_master
            WHERE name='index_users_on_email' AND type='index'
[0m
  [1m[35m (0.3ms)[0m  [1m[35mCREATE UNIQUE INDEX "index_users_on_confirmation_token" ON "users" ("confirmation_token")[0m
  [1m[35mSQL (0.3ms)[0m  [1m[32mINSERT INTO "schema_migrations" ("version") VALUES (?)[0m  [["version", "20170225021136"]]
  [1m[35m (1.8ms)[0m  [1m[36mcommit transaction[0m
Migrating to AddRolesToUsers (20170225034910)
  [1m[35m (0.1ms)[0m  [1m[36mbegin transaction[0m
  [1m[35m (0.5ms)[0m  [1m[35mCREATE TEMPORARY TABLE "ausers" ("id" INTEGER PRIMARY KEY AUTOINCREMENT NOT NULL, "first_name" varchar, "last_name" varchar, "email" varchar DEFAULT '' NOT NULL, "encrypted_password" varchar DEFAULT '' NOT NULL, "reset_password_token" varchar, "reset_password_sent_at" datetime, "remember_created_at" datetime, "sign_in_count" integer DEFAULT 0 NOT NULL, "current_sign_in_at" datetime, "last_sign_in_at" datetime, "current_sign_in_ip" varchar, "last_sign_in_ip" varchar, "confirmation_token" varchar, "confirmed_at" datetime, "confirmation_sent_at" datetime, "unconfirmed_email" varchar, "created_at" datetime NOT NULL, "updated_at" datetime NOT NULL)[0m
  [1m[35m (0.1ms)[0m  [1m[34m            SELECT sql
            FROM sqlite_master
            WHERE name='index_users_on_confirmation_token' AND type='index'
            UNION ALL
            SELECT sql
            FROM sqlite_temp_master
            WHERE name='index_users_on_confirmation_token' AND type='index'
[0m
  [1m[35m (0.1ms)[0m  [1m[34m            SELECT sql
            FROM sqlite_master
            WHERE name='index_users_on_reset_password_token' AND type='index'
            UNION ALL
            SELECT sql
            FROM sqlite_temp_master
            WHERE name='index_users_on_reset_password_token' AND type='index'
[0m
  [1m[35m (0.1ms)[0m  [1m[34m            SELECT sql
            FROM sqlite_master
            WHERE name='index_users_on_email' AND type='index'
            UNION ALL
            SELECT sql
            FROM sqlite_temp_master
            WHERE name='index_users_on_email' AND type='index'
[0m
  [1m[35m (0.3ms)[0m  [1m[35mCREATE UNIQUE INDEX "tindex_ausers_on_confirmation_token" ON "ausers" ("confirmation_token")[0m
  [1m[35m (0.1ms)[0m  [1m[35mCREATE UNIQUE INDEX "tindex_ausers_on_reset_password_token" ON "ausers" ("reset_password_token")[0m
  [1m[35m (0.1ms)[0m  [1m[35mCREATE UNIQUE INDEX "tindex_ausers_on_email" ON "ausers" ("email")[0m
  [1m[35m (0.1ms)[0m  [1m[32mINSERT INTO "ausers" ("id","first_name","last_name","email","encrypted_password","reset_password_token","reset_password_sent_at","remember_created_at","sign_in_count","current_sign_in_at","last_sign_in_at","current_sign_in_ip","last_sign_in_ip","confirmation_token","confirmed_at","confirmation_sent_at","unconfirmed_email","created_at","updated_at")
                     SELECT "id","first_name","last_name","email","encrypted_password","reset_password_token","reset_password_sent_at","remember_created_at","sign_in_count","current_sign_in_at","last_sign_in_at","current_sign_in_ip","last_sign_in_ip","confirmation_token","confirmed_at","confirmation_sent_at","unconfirmed_email","created_at","updated_at" FROM "users"[0m
  [1m[35m (0.4ms)[0m  [1m[35mDROP TABLE "users"[0m
  [1m[35m (0.2ms)[0m  [1m[35mCREATE TABLE "users" ("id" INTEGER PRIMARY KEY AUTOINCREMENT NOT NULL, "last_name" varchar, "email" varchar DEFAULT '' NOT NULL, "encrypted_password" varchar DEFAULT '' NOT NULL, "reset_password_token" varchar, "reset_password_sent_at" datetime, "remember_created_at" datetime, "sign_in_count" integer DEFAULT 0 NOT NULL, "current_sign_in_at" datetime, "last_sign_in_at" datetime, "current_sign_in_ip" varchar, "last_sign_in_ip" varchar, "confirmation_token" varchar, "confirmed_at" datetime, "confirmation_sent_at" datetime, "unconfirmed_email" varchar, "created_at" datetime NOT NULL, "updated_at" datetime NOT NULL)[0m
  [1m[35m (0.3ms)[0m  [1m[34m            SELECT sql
            FROM sqlite_master
            WHERE name='tindex_ausers_on_email' AND type='index'
            UNION ALL
            SELECT sql
            FROM sqlite_temp_master
            WHERE name='tindex_ausers_on_email' AND type='index'
[0m
  [1m[35m (0.1ms)[0m  [1m[34m            SELECT sql
            FROM sqlite_master
            WHERE name='tindex_ausers_on_reset_password_token' AND type='index'
            UNION ALL
            SELECT sql
            FROM sqlite_temp_master
            WHERE name='tindex_ausers_on_reset_password_token' AND type='index'
[0m
  [1m[35m (0.1ms)[0m  [1m[34m            SELECT sql
            FROM sqlite_master
            WHERE name='tindex_ausers_on_confirmation_token' AND type='index'
            UNION ALL
            SELECT sql
            FROM sqlite_temp_master
            WHERE name='tindex_ausers_on_confirmation_token' AND type='index'
[0m
  [1m[35m (0.4ms)[0m  [1m[35mCREATE UNIQUE INDEX "index_users_on_email" ON "users" ("email")[0m
  [1m[35m (0.1ms)[0m  [1m[34m            SELECT sql
            FROM sqlite_master
            WHERE name='index_users_on_email' AND type='index'
            UNION ALL
            SELECT sql
            FROM sqlite_temp_master
            WHERE name='index_users_on_email' AND type='index'
[0m
  [1m[35m (0.1ms)[0m  [1m[35mCREATE UNIQUE INDEX "index_users_on_reset_password_token" ON "users" ("reset_password_token")[0m
  [1m[35m (0.1ms)[0m  [1m[34m            SELECT sql
            FROM sqlite_master
            WHERE name='index_users_on_reset_password_token' AND type='index'
            UNION ALL
            SELECT sql
            FROM sqlite_temp_master
            WHERE name='index_users_on_reset_password_token' AND type='index'
[0m
  [1m[35m (0.1ms)[0m  [1m[34m            SELECT sql
            FROM sqlite_master
            WHERE name='index_users_on_email' AND type='index'
            UNION ALL
            SELECT sql
            FROM sqlite_temp_master
            WHERE name='index_users_on_email' AND type='index'
[0m
  [1m[35m (0.3ms)[0m  [1m[35mCREATE UNIQUE INDEX "index_users_on_confirmation_token" ON "users" ("confirmation_token")[0m
  [1m[35m (0.2ms)[0m  [1m[32mINSERT INTO "users" ("id","last_name","email","encrypted_password","reset_password_token","reset_password_sent_at","remember_created_at","sign_in_count","current_sign_in_at","last_sign_in_at","current_sign_in_ip","last_sign_in_ip","confirmation_token","confirmed_at","confirmation_sent_at","unconfirmed_email","created_at","updated_at")
                     SELECT "id","last_name","email","encrypted_password","reset_password_token","reset_password_sent_at","remember_created_at","sign_in_count","current_sign_in_at","last_sign_in_at","current_sign_in_ip","last_sign_in_ip","confirmation_token","confirmed_at","confirmation_sent_at","unconfirmed_email","created_at","updated_at" FROM "ausers"[0m
  [1m[35m (0.3ms)[0m  [1m[35mDROP TABLE "ausers"[0m
  [1m[35m (0.3ms)[0m  [1m[35mCREATE TEMPORARY TABLE "ausers" ("id" INTEGER PRIMARY KEY AUTOINCREMENT NOT NULL, "last_name" varchar, "email" varchar DEFAULT '' NOT NULL, "encrypted_password" varchar DEFAULT '' NOT NULL, "reset_password_token" varchar, "reset_password_sent_at" datetime, "remember_created_at" datetime, "sign_in_count" integer DEFAULT 0 NOT NULL, "current_sign_in_at" datetime, "last_sign_in_at" datetime, "current_sign_in_ip" varchar, "last_sign_in_ip" varchar, "confirmation_token" varchar, "confirmed_at" datetime, "confirmation_sent_at" datetime, "unconfirmed_email" varchar, "created_at" datetime NOT NULL, "updated_at" datetime NOT NULL)[0m
  [1m[35m (0.1ms)[0m  [1m[34m            SELECT sql
            FROM sqlite_master
            WHERE name='index_users_on_confirmation_token' AND type='index'
            UNION ALL
            SELECT sql
            FROM sqlite_temp_master
            WHERE name='index_users_on_confirmation_token' AND type='index'
[0m
  [1m[35m (0.1ms)[0m  [1m[34m            SELECT sql
            FROM sqlite_master
            WHERE name='index_users_on_reset_password_token' AND type='index'
            UNION ALL
            SELECT sql
            FROM sqlite_temp_master
            WHERE name='index_users_on_reset_password_token' AND type='index'
[0m
  [1m[35m (0.1ms)[0m  [1m[34m            SELECT sql
            FROM sqlite_master
            WHERE name='index_users_on_email' AND type='index'
            UNION ALL
            SELECT sql
            FROM sqlite_temp_master
            WHERE name='index_users_on_email' AND type='index'
[0m
  [1m[35m (0.2ms)[0m  [1m[35mCREATE UNIQUE INDEX "tindex_ausers_on_confirmation_token" ON "ausers" ("confirmation_token")[0m
  [1m[35m (0.1ms)[0m  [1m[35mCREATE UNIQUE INDEX "tindex_ausers_on_reset_password_token" ON "ausers" ("reset_password_token")[0m
  [1m[35m (0.1ms)[0m  [1m[35mCREATE UNIQUE INDEX "tindex_ausers_on_email" ON "ausers" ("email")[0m
  [1m[35m (0.1ms)[0m  [1m[32mINSERT INTO "ausers" ("id","last_name","email","encrypted_password","reset_password_token","reset_password_sent_at","remember_created_at","sign_in_count","current_sign_in_at","last_sign_in_at","current_sign_in_ip","last_sign_in_ip","confirmation_token","confirmed_at","confirmation_sent_at","unconfirmed_email","created_at","updated_at")
                     SELECT "id","last_name","email","encrypted_password","reset_password_token","reset_password_sent_at","remember_created_at","sign_in_count","current_sign_in_at","last_sign_in_at","current_sign_in_ip","last_sign_in_ip","confirmation_token","confirmed_at","confirmation_sent_at","unconfirmed_email","created_at","updated_at" FROM "users"[0m
  [1m[35m (0.3ms)[0m  [1m[35mDROP TABLE "users"[0m
  [1m[35m (0.1ms)[0m  [1m[35mCREATE TABLE "users" ("id" INTEGER PRIMARY KEY AUTOINCREMENT NOT NULL, "email" varchar DEFAULT '' NOT NULL, "encrypted_password" varchar DEFAULT '' NOT NULL, "reset_password_token" varchar, "reset_password_sent_at" datetime, "remember_created_at" datetime, "sign_in_count" integer DEFAULT 0 NOT NULL, "current_sign_in_at" datetime, "last_sign_in_at" datetime, "current_sign_in_ip" varchar, "last_sign_in_ip" varchar, "confirmation_token" varchar, "confirmed_at" datetime, "confirmation_sent_at" datetime, "unconfirmed_email" varchar, "created_at" datetime NOT NULL, "updated_at" datetime NOT NULL)[0m
  [1m[35m (0.1ms)[0m  [1m[34m            SELECT sql
            FROM sqlite_master
            WHERE name='tindex_ausers_on_email' AND type='index'
            UNION ALL
            SELECT sql
            FROM sqlite_temp_master
            WHERE name='tindex_ausers_on_email' AND type='index'
[0m
  [1m[35m (0.1ms)[0m  [1m[34m            SELECT sql
            FROM sqlite_master
            WHERE name='tindex_ausers_on_reset_password_token' AND type='index'
            UNION ALL
            SELECT sql
            FROM sqlite_temp_master
            WHERE name='tindex_ausers_on_reset_password_token' AND type='index'
[0m
  [1m[35m (0.1ms)[0m  [1m[34m            SELECT sql
            FROM sqlite_master
            WHERE name='tindex_ausers_on_confirmation_token' AND type='index'
            UNION ALL
            SELECT sql
            FROM sqlite_temp_master
            WHERE name='tindex_ausers_on_confirmation_token' AND type='index'
[0m
  [1m[35m (0.1ms)[0m  [1m[35mCREATE UNIQUE INDEX "index_users_on_email" ON "users" ("email")[0m
  [1m[35m (0.1ms)[0m  [1m[34m            SELECT sql
            FROM sqlite_master
            WHERE name='index_users_on_email' AND type='index'
            UNION ALL
            SELECT sql
            FROM sqlite_temp_master
            WHERE name='index_users_on_email' AND type='index'
[0m
  [1m[35m (0.2ms)[0m  [1m[35mCREATE UNIQUE INDEX "index_users_on_reset_password_token" ON "users" ("reset_password_token")[0m
  [1m[35m (0.1ms)[0m  [1m[34m            SELECT sql
            FROM sqlite_master
            WHERE name='index_users_on_reset_password_token' AND type='index'
            UNION ALL
            SELECT sql
            FROM sqlite_temp_master
            WHERE name='index_users_on_reset_password_token' AND type='index'
[0m
  [1m[35m (0.2ms)[0m  [1m[34m            SELECT sql
            FROM sqlite_master
            WHERE name='index_users_on_email' AND type='index'
            UNION ALL
            SELECT sql
            FROM sqlite_temp_master
            WHERE name='index_users_on_email' AND type='index'
[0m
  [1m[35m (1.8ms)[0m  [1m[35mCREATE UNIQUE INDEX "index_users_on_confirmation_token" ON "users" ("confirmation_token")[0m
  [1m[35m (0.4ms)[0m  [1m[32mINSERT INTO "users" ("id","email","encrypted_password","reset_password_token","reset_password_sent_at","remember_created_at","sign_in_count","current_sign_in_at","last_sign_in_at","current_sign_in_ip","last_sign_in_ip","confirmation_token","confirmed_at","confirmation_sent_at","unconfirmed_email","created_at","updated_at")
                     SELECT "id","email","encrypted_password","reset_password_token","reset_password_sent_at","remember_created_at","sign_in_count","current_sign_in_at","last_sign_in_at","current_sign_in_ip","last_sign_in_ip","confirmation_token","confirmed_at","confirmation_sent_at","unconfirmed_email","created_at","updated_at" FROM "ausers"[0m
  [1m[35m (0.3ms)[0m  [1m[35mDROP TABLE "ausers"[0m
  [1m[35m (0.4ms)[0m  [1m[35mALTER TABLE "users" ADD "role" integer[0m
  [1m[35mSQL (0.2ms)[0m  [1m[32mINSERT INTO "schema_migrations" ("version") VALUES (?)[0m  [["version", "20170225034910"]]
  [1m[35m (2.5ms)[0m  [1m[36mcommit transaction[0m
Migrating to AddDeletedAtToUser (20170226014115)
  [1m[36mActiveRecord::SchemaMigration Load (18.6ms)[0m  [1m[34mSELECT "schema_migrations".* FROM "schema_migrations"[0m
Migrating to CreateCandidates (20170311214325)
  [1m[35m (0.1ms)[0m  [1m[36mbegin transaction[0m
  [1m[35m (0.6ms)[0m  [1m[35mCREATE TABLE "candidates" ("id" INTEGER PRIMARY KEY AUTOINCREMENT NOT NULL, "first_name" integer, "last_name" integer, "address" varchar, "email" varchar, "phone" varchar, "fax" varchar, "state_id" integer, "zipcode" varchar, "country_id" integer, "allignment_type_id" integer, "created_at" datetime NOT NULL, "updated_at" datetime NOT NULL)[0m
  [1m[35mSQL (0.2ms)[0m  [1m[32mINSERT INTO "schema_migrations" ("version") VALUES (?)[0m  [["version", "20170311214325"]]
  [1m[35m (26.5ms)[0m  [1m[36mcommit transaction[0m
Migrating to CreateAllignmentTypes (20170311220741)
  [1m[35m (0.1ms)[0m  [1m[36mbegin transaction[0m
  [1m[35m (0.8ms)[0m  [1m[35mCREATE TABLE "allignment_types" ("id" INTEGER PRIMARY KEY AUTOINCREMENT NOT NULL, "allignment_type" varchar, "abbrev" varchar, "created_at" datetime NOT NULL, "updated_at" datetime NOT NULL)[0m
  [1m[35mSQL (0.6ms)[0m  [1m[32mINSERT INTO "schema_migrations" ("version") VALUES (?)[0m  [["version", "20170311220741"]]
  [1m[35m (3.1ms)[0m  [1m[36mcommit transaction[0m
Migrating to RemoveAbbrevFromCandidate (20170311221155)
  [1m[35m (0.1ms)[0m  [1m[36mbegin transaction[0m
  [1m[35m (0.5ms)[0m  [1m[35mCREATE TEMPORARY TABLE "acandidates" ("id" INTEGER PRIMARY KEY AUTOINCREMENT NOT NULL, "first_name" integer, "last_name" integer, "address" varchar, "email" varchar, "phone" varchar, "fax" varchar, "state_id" integer, "zipcode" varchar, "country_id" integer, "allignment_type_id" integer, "created_at" datetime NOT NULL, "updated_at" datetime NOT NULL)[0m
  [1m[35m (0.3ms)[0m  [1m[32mINSERT INTO "acandidates" ("id","first_name","last_name","address","email","phone","fax","state_id","zipcode","country_id","allignment_type_id","created_at","updated_at")
                     SELECT "id","first_name","last_name","address","email","phone","fax","state_id","zipcode","country_id","allignment_type_id","created_at","updated_at" FROM "candidates"[0m
  [1m[35m (9.0ms)[0m  [1m[35mDROP TABLE "candidates"[0m
  [1m[35m (0.1ms)[0m  [1m[35mCREATE TABLE "candidates" ("id" INTEGER PRIMARY KEY AUTOINCREMENT NOT NULL, "first_name" integer, "last_name" integer, "address" varchar, "email" varchar, "phone" varchar, "fax" varchar, "state_id" integer, "zipcode" varchar, "country_id" integer, "allignment_type_id" integer, "created_at" datetime NOT NULL, "updated_at" datetime NOT NULL)[0m
  [1m[35m (0.2ms)[0m  [1m[32mINSERT INTO "candidates" ("id","first_name","last_name","address","email","phone","fax","state_id","zipcode","country_id","allignment_type_id","created_at","updated_at")
                     SELECT "id","first_name","last_name","address","email","phone","fax","state_id","zipcode","country_id","allignment_type_id","created_at","updated_at" FROM "acandidates"[0m
  [1m[35m (0.2ms)[0m  [1m[35mDROP TABLE "acandidates"[0m
  [1m[35mSQL (0.1ms)[0m  [1m[32mINSERT INTO "schema_migrations" ("version") VALUES (?)[0m  [["version", "20170311221155"]]
  [1m[35m (2.2ms)[0m  [1m[36mcommit transaction[0m
Migrating to ChangeDataTypeCandidate (20170311230856)
  [1m[35m (0.1ms)[0m  [1m[36mbegin transaction[0m
  [1m[35m (0.2ms)[0m  [1m[35mCREATE TEMPORARY TABLE "acandidates" ("id" INTEGER PRIMARY KEY AUTOINCREMENT NOT NULL, "first_name" integer, "last_name" integer, "address" varchar, "email" varchar, "phone" varchar, "fax" varchar, "state_id" integer, "zipcode" varchar, "country_id" integer, "allignment_type_id" integer, "created_at" datetime NOT NULL, "updated_at" datetime NOT NULL)[0m
  [1m[35m (0.1ms)[0m  [1m[32mINSERT INTO "acandidates" ("id","first_name","last_name","address","email","phone","fax","state_id","zipcode","country_id","allignment_type_id","created_at","updated_at")
                     SELECT "id","first_name","last_name","address","email","phone","fax","state_id","zipcode","country_id","allignment_type_id","created_at","updated_at" FROM "candidates"[0m
  [1m[35m (0.4ms)[0m  [1m[35mDROP TABLE "candidates"[0m
  [1m[35m (0.1ms)[0m  [1m[35mCREATE TABLE "candidates" ("id" INTEGER PRIMARY KEY AUTOINCREMENT NOT NULL, "first_name" varchar, "last_name" integer, "address" varchar, "email" varchar, "phone" varchar, "fax" varchar, "state_id" integer, "zipcode" varchar, "country_id" integer, "allignment_type_id" integer, "created_at" datetime NOT NULL, "updated_at" datetime NOT NULL)[0m
  [1m[35m (0.3ms)[0m  [1m[32mINSERT INTO "candidates" ("id","first_name","last_name","address","email","phone","fax","state_id","zipcode","country_id","allignment_type_id","created_at","updated_at")
                     SELECT "id","first_name","last_name","address","email","phone","fax","state_id","zipcode","country_id","allignment_type_id","created_at","updated_at" FROM "acandidates"[0m
  [1m[35m (0.1ms)[0m  [1m[35mDROP TABLE "acandidates"[0m
  [1m[35m (0.1ms)[0m  [1m[35mCREATE TEMPORARY TABLE "acandidates" ("id" INTEGER PRIMARY KEY AUTOINCREMENT NOT NULL, "first_name" varchar, "last_name" integer, "address" varchar, "email" varchar, "phone" varchar, "fax" varchar, "state_id" integer, "zipcode" varchar, "country_id" integer, "allignment_type_id" integer, "created_at" datetime NOT NULL, "updated_at" datetime NOT NULL)[0m
  [1m[35m (0.1ms)[0m  [1m[32mINSERT INTO "acandidates" ("id","first_name","last_name","address","email","phone","fax","state_id","zipcode","country_id","allignment_type_id","created_at","updated_at")
                     SELECT "id","first_name","last_name","address","email","phone","fax","state_id","zipcode","country_id","allignment_type_id","created_at","updated_at" FROM "candidates"[0m
  [1m[35m (0.1ms)[0m  [1m[35mDROP TABLE "candidates"[0m
  [1m[35m (0.2ms)[0m  [1m[35mCREATE TABLE "candidates" ("id" INTEGER PRIMARY KEY AUTOINCREMENT NOT NULL, "first_name" varchar, "last_name" varchar, "address" varchar, "email" varchar, "phone" varchar, "fax" varchar, "state_id" integer, "zipcode" varchar, "country_id" integer, "allignment_type_id" integer, "created_at" datetime NOT NULL, "updated_at" datetime NOT NULL)[0m
  [1m[35m (0.2ms)[0m  [1m[32mINSERT INTO "candidates" ("id","first_name","last_name","address","email","phone","fax","state_id","zipcode","country_id","allignment_type_id","created_at","updated_at")
                     SELECT "id","first_name","last_name","address","email","phone","fax","state_id","zipcode","country_id","allignment_type_id","created_at","updated_at" FROM "acandidates"[0m
  [1m[35m (0.1ms)[0m  [1m[35mDROP TABLE "acandidates"[0m
  [1m[35mSQL (0.1ms)[0m  [1m[32mINSERT INTO "schema_migrations" ("version") VALUES (?)[0m  [["version", "20170311230856"]]
  [1m[35m (6.8ms)[0m  [1m[36mcommit transaction[0m
  [1m[36mActiveRecord::InternalMetadata Load (0.1ms)[0m  [1m[34mSELECT  "ar_internal_metadata".* FROM "ar_internal_metadata" WHERE "ar_internal_metadata"."key" = ? LIMIT ?[0m  [["key", :environment], ["LIMIT", 1]]
  [1m[35m (0.1ms)[0m  [1m[36mbegin transaction[0m
  [1m[35mSQL (0.4ms)[0m  [1m[32mINSERT INTO "ar_internal_metadata" ("key", "value", "created_at", "updated_at") VALUES (?, ?, ?, ?)[0m  [["key", "environment"], ["value", "development"], ["created_at", 2017-03-13 13:51:11 UTC], ["updated_at", 2017-03-13 13:51:11 UTC]]
  [1m[35m (2.6ms)[0m  [1m[36mcommit transaction[0m
  [1m[36mActiveRecord::SchemaMigration Load (0.2ms)[0m  [1m[34mSELECT "schema_migrations".* FROM "schema_migrations"[0m
  [1m[35m (0.1ms)[0m  [1m[34m            SELECT sql
            FROM sqlite_master
            WHERE name='index_users_on_confirmation_token' AND type='index'
            UNION ALL
            SELECT sql
            FROM sqlite_temp_master
            WHERE name='index_users_on_confirmation_token' AND type='index'
[0m
  [1m[35m (0.1ms)[0m  [1m[34m            SELECT sql
            FROM sqlite_master
            WHERE name='index_users_on_reset_password_token' AND type='index'
            UNION ALL
            SELECT sql
            FROM sqlite_temp_master
            WHERE name='index_users_on_reset_password_token' AND type='index'
[0m
  [1m[35m (0.1ms)[0m  [1m[34m            SELECT sql
            FROM sqlite_master
            WHERE name='index_users_on_email' AND type='index'
            UNION ALL
            SELECT sql
            FROM sqlite_temp_master
            WHERE name='index_users_on_email' AND type='index'
[0m
Started GET "/users/sign_up" for ::1 at 2017-03-13 08:52:24 -0500
  [1m[36mActiveRecord::SchemaMigration Load (0.6ms)[0m  [1m[34mSELECT "schema_migrations".* FROM "schema_migrations"[0m
Processing by Devise::RegistrationsController#new as HTML
  Rendering devise/registrations/new.html.erb within layouts/application
  Rendered devise/shared/_links.html.erb (2.9ms)
  Rendered devise/registrations/new.html.erb within layouts/application (246.1ms)
Completed 200 OK in 8481ms (Views: 8395.7ms | ActiveRecord: 1.1ms)


Started GET "/users/sign_up" for ::1 at 2017-03-13 08:52:37 -0500
Processing by Devise::RegistrationsController#new as HTML
  Rendering devise/registrations/new.html.erb within layouts/application
  Rendered devise/shared/_links.html.erb (1.7ms)
  Rendered devise/registrations/new.html.erb within layouts/application (7.1ms)
Completed 200 OK in 59ms (Views: 57.8ms | ActiveRecord: 0.0ms)


Started GET "/users/sign_up" for ::1 at 2017-03-13 08:52:38 -0500
Processing by Devise::RegistrationsController#new as HTML
  Rendering devise/registrations/new.html.erb within layouts/application
  Rendered devise/shared/_links.html.erb (1.2ms)
  Rendered devise/registrations/new.html.erb within layouts/application (5.9ms)
Completed 200 OK in 52ms (Views: 51.5ms | ActiveRecord: 0.0ms)


Started GET "/users/sign_up" for ::1 at 2017-03-13 08:52:38 -0500
Processing by Devise::RegistrationsController#new as HTML
  Rendering devise/registrations/new.html.erb within layouts/application
  Rendered devise/shared/_links.html.erb (2.4ms)
  Rendered devise/registrations/new.html.erb within layouts/application (11.1ms)
Completed 200 OK in 60ms (Views: 58.8ms | ActiveRecord: 0.0ms)


Started GET "/users/sign_up" for ::1 at 2017-03-13 08:55:12 -0500
Processing by Devise::RegistrationsController#new as HTML
Started GET "/users/sign_up" for ::1 at 2017-03-13 08:55:12 -0500
Processing by Devise::RegistrationsController#new as HTML
  Rendering devise/registrations/new.html.erb within layouts/application
  Rendering devise/registrations/new.html.erb within layouts/application
  Rendered devise/shared/_links.html.erb (4.7ms)
  Rendered devise/shared/_links.html.erb (2.2ms)
  Rendered devise/registrations/new.html.erb within layouts/application (51.0ms)
  Rendered devise/registrations/new.html.erb within layouts/application (36.5ms)
Started GET "/users/sign_up" for ::1 at 2017-03-13 08:55:13 -0500
Processing by Devise::RegistrationsController#new as HTML
  Rendering devise/registrations/new.html.erb within layouts/application
  Rendered devise/shared/_links.html.erb (2.5ms)
  Rendered devise/registrations/new.html.erb within layouts/application (7.9ms)
Completed 200 OK in 1216ms (Views: 1201.5ms | ActiveRecord: 0.0ms)


Completed 200 OK in 204ms (Views: 202.6ms | ActiveRecord: 0.0ms)


Completed 200 OK in 1196ms (Views: 1194.5ms | ActiveRecord: 0.0ms)


Started GET "/users/sign_up" for ::1 at 2017-03-13 08:55:16 -0500
Processing by Devise::RegistrationsController#new as HTML
  Rendering devise/registrations/new.html.erb within layouts/application
  Rendered devise/shared/_links.html.erb (6.1ms)
  Rendered devise/registrations/new.html.erb within layouts/application (17.0ms)
Started GET "/users/sign_up" for ::1 at 2017-03-13 08:55:16 -0500
Started GET "/users/sign_up" for ::1 at 2017-03-13 08:55:16 -0500
Processing by Devise::RegistrationsController#new as HTML
Processing by Devise::RegistrationsController#new as HTML
Started GET "/users/sign_up" for ::1 at 2017-03-13 08:55:16 -0500
  Rendering devise/registrations/new.html.erb within layouts/application
Started GET "/users/sign_up" for ::1 at 2017-03-13 08:55:16 -0500
Processing by Devise::RegistrationsController#new as HTML
  Rendering devise/registrations/new.html.erb within layouts/application
  Rendered devise/shared/_links.html.erb (2.5ms)
Processing by Devise::RegistrationsController#new as HTML
  Rendering devise/registrations/new.html.erb within layouts/application
Completed 200 OK in 156ms (Views: 155.4ms | ActiveRecord: 0.0ms)


  Rendered devise/shared/_links.html.erb (1.8ms)
  Rendered devise/registrations/new.html.erb within layouts/application (58.3ms)
  Rendering devise/registrations/new.html.erb within layouts/application
  Rendered devise/registrations/new.html.erb within layouts/application (48.2ms)
  Rendered devise/shared/_links.html.erb (0.5ms)
  Rendered devise/shared/_links.html.erb (0.9ms)
  Rendered devise/registrations/new.html.erb within layouts/application (52.0ms)
  Rendered devise/registrations/new.html.erb within layouts/application (42.0ms)
Completed 200 OK in 272ms (Views: 270.3ms | ActiveRecord: 0.0ms)


Completed 200 OK in 337ms (Views: 336.1ms | ActiveRecord: 0.0ms)


Completed 200 OK in 241ms (Views: 239.1ms | ActiveRecord: 0.0ms)


Completed 200 OK in 323ms (Views: 321.7ms | ActiveRecord: 0.0ms)


Started GET "/users/sign_up" for ::1 at 2017-03-13 08:55:17 -0500
Processing by Devise::RegistrationsController#new as HTML
  Rendering devise/registrations/new.html.erb within layouts/application
  Rendered devise/shared/_links.html.erb (1.6ms)
  Rendered devise/registrations/new.html.erb within layouts/application (8.1ms)
Completed 200 OK in 89ms (Views: 86.3ms | ActiveRecord: 0.0ms)


Started GET "/users/sign_up" for ::1 at 2017-03-13 08:55:24 -0500
Processing by Devise::RegistrationsController#new as HTML
  Rendering devise/registrations/new.html.erb within layouts/application
  Rendered devise/shared/_links.html.erb (2.3ms)
  Rendered devise/registrations/new.html.erb within layouts/application (10.3ms)
Completed 200 OK in 67ms (Views: 65.7ms | ActiveRecord: 0.0ms)


Started GET "/users/sign_up" for ::1 at 2017-03-13 09:09:12 -0500
Processing by Devise::RegistrationsController#new as HTML
  Rendering devise/registrations/new.html.erb within layouts/application
  Rendered devise/shared/_links.html.erb (6.4ms)
  Rendered devise/registrations/new.html.erb within layouts/application (56.2ms)
Completed 200 OK in 767ms (Views: 752.6ms | ActiveRecord: 0.0ms)


Started GET "/users/sign_up" for ::1 at 2017-03-13 09:09:18 -0500
Processing by Devise::RegistrationsController#new as HTML
  Rendering devise/registrations/new.html.erb within layouts/application
  Rendered devise/shared/_links.html.erb (1.7ms)
  Rendered devise/registrations/new.html.erb within layouts/application (7.4ms)
Completed 200 OK in 368ms (Views: 366.7ms | ActiveRecord: 0.0ms)


Started GET "/users/sign_up" for ::1 at 2017-03-13 09:09:19 -0500
Processing by Devise::RegistrationsController#new as HTML
  Rendering devise/registrations/new.html.erb within layouts/application
  Rendered devise/shared/_links.html.erb (1.6ms)
  Rendered devise/registrations/new.html.erb within layouts/application (6.8ms)
Completed 200 OK in 58ms (Views: 55.8ms | ActiveRecord: 0.0ms)


Started GET "/users/sign_up" for ::1 at 2017-03-13 09:09:21 -0500
Processing by Devise::RegistrationsController#new as HTML
  Rendering devise/registrations/new.html.erb within layouts/application
  Rendered devise/shared/_links.html.erb (2.4ms)
  Rendered devise/registrations/new.html.erb within layouts/application (11.8ms)
Completed 200 OK in 61ms (Views: 59.9ms | ActiveRecord: 0.0ms)


Started GET "/users/sign_up" for ::1 at 2017-03-13 09:09:22 -0500
Processing by Devise::RegistrationsController#new as HTML
  Rendering devise/registrations/new.html.erb within layouts/application
  Rendered devise/shared/_links.html.erb (1.5ms)
  Rendered devise/registrations/new.html.erb within layouts/application (18.1ms)
Completed 200 OK in 65ms (Views: 64.2ms | ActiveRecord: 0.0ms)


Started GET "/users/sign_up" for ::1 at 2017-03-13 09:09:25 -0500
Processing by Devise::RegistrationsController#new as HTML
  Rendering devise/registrations/new.html.erb within layouts/application
  Rendered devise/shared/_links.html.erb (1.3ms)
  Rendered devise/registrations/new.html.erb within layouts/application (10.5ms)
Completed 200 OK in 69ms (Views: 67.1ms | ActiveRecord: 0.0ms)


Started GET "/users/sign_up" for ::1 at 2017-03-13 09:09:26 -0500
Processing by Devise::RegistrationsController#new as HTML
  Rendering devise/registrations/new.html.erb within layouts/application
  Rendered devise/shared/_links.html.erb (2.7ms)
  Rendered devise/registrations/new.html.erb within layouts/application (10.6ms)
Completed 200 OK in 62ms (Views: 60.6ms | ActiveRecord: 0.0ms)


Started GET "/users/sign_up" for ::1 at 2017-03-13 09:09:27 -0500
Processing by Devise::RegistrationsController#new as HTML
  Rendering devise/registrations/new.html.erb within layouts/application
  Rendered devise/shared/_links.html.erb (1.6ms)
  Rendered devise/registrations/new.html.erb within layouts/application (7.5ms)
Completed 200 OK in 51ms (Views: 48.4ms | ActiveRecord: 0.0ms)


Started GET "/users/sign_up" for ::1 at 2017-03-13 09:09:28 -0500
Processing by Devise::RegistrationsController#new as HTML
  Rendering devise/registrations/new.html.erb within layouts/application
  Rendered devise/shared/_links.html.erb (1.7ms)
  Rendered devise/registrations/new.html.erb within layouts/application (9.2ms)
Completed 200 OK in 53ms (Views: 51.5ms | ActiveRecord: 0.0ms)


Started GET "/users/sign_in" for ::1 at 2017-03-13 09:09:29 -0500
Processing by Devise::SessionsController#new as HTML
  Rendering devise/sessions/new.html.erb within layouts/application
  Rendered devise/shared/_links.html.erb (2.0ms)
  Rendered devise/sessions/new.html.erb within layouts/application (43.6ms)
Completed 200 OK in 112ms (Views: 95.8ms | ActiveRecord: 0.0ms)


Started GET "/users/sign_in" for ::1 at 2017-03-13 09:09:30 -0500
Processing by Devise::SessionsController#new as HTML
  Rendering devise/sessions/new.html.erb within layouts/application
  Rendered devise/shared/_links.html.erb (1.9ms)
  Rendered devise/sessions/new.html.erb within layouts/application (9.3ms)
Completed 200 OK in 66ms (Views: 65.2ms | ActiveRecord: 0.0ms)


Started GET "/users/sign_in" for ::1 at 2017-03-13 09:09:31 -0500
Processing by Devise::SessionsController#new as HTML
  Rendering devise/sessions/new.html.erb within layouts/application
  Rendered devise/shared/_links.html.erb (1.8ms)
  Rendered devise/sessions/new.html.erb within layouts/application (7.8ms)
Completed 200 OK in 60ms (Views: 58.9ms | ActiveRecord: 0.0ms)


Started GET "/users/sign_in" for ::1 at 2017-03-13 09:09:32 -0500
Processing by Devise::SessionsController#new as HTML
  Rendering devise/sessions/new.html.erb within layouts/application
  Rendered devise/shared/_links.html.erb (2.0ms)
  Rendered devise/sessions/new.html.erb within layouts/application (7.1ms)
Completed 200 OK in 67ms (Views: 64.9ms | ActiveRecord: 0.0ms)


Started GET "/users/sign_in" for ::1 at 2017-03-13 09:10:48 -0500
Processing by Devise::SessionsController#new as HTML
  Rendering devise/sessions/new.html.erb within layouts/application
  Rendered devise/shared/_links.html.erb (2.6ms)
  Rendered devise/sessions/new.html.erb within layouts/application (15.1ms)
Completed 200 OK in 552ms (Views: 550.5ms | ActiveRecord: 0.0ms)


Started GET "/users/sign_in" for ::1 at 2017-03-13 09:13:36 -0500
Processing by Devise::SessionsController#new as HTML
  Rendering devise/sessions/new.html.erb within layouts/application
  Rendered devise/shared/_links.html.erb (11.2ms)
  Rendered devise/sessions/new.html.erb within layouts/application (40.3ms)
Completed 200 OK in 240ms (Views: 221.7ms | ActiveRecord: 0.0ms)


Started GET "/users/sign_in" for ::1 at 2017-03-13 09:13:41 -0500
Processing by Devise::SessionsController#new as HTML
  Rendering devise/sessions/new.html.erb within layouts/application
  Rendered devise/shared/_links.html.erb (5.8ms)
  Rendered devise/sessions/new.html.erb within layouts/application (12.8ms)
Completed 200 OK in 72ms (Views: 70.4ms | ActiveRecord: 0.0ms)


Started GET "/users/sign_in" for ::1 at 2017-03-13 09:13:42 -0500
Processing by Devise::SessionsController#new as HTML
  Rendering devise/sessions/new.html.erb within layouts/application
  Rendered devise/shared/_links.html.erb (3.1ms)
  Rendered devise/sessions/new.html.erb within layouts/application (28.4ms)
Started GET "/users/sign_in" for ::1 at 2017-03-13 09:13:42 -0500
Processing by Devise::SessionsController#new as HTML
  Rendering devise/sessions/new.html.erb within layouts/application
  Rendered devise/shared/_links.html.erb (2.0ms)
  Rendered devise/sessions/new.html.erb within layouts/application (14.0ms)
Completed 200 OK in 147ms (Views: 145.6ms | ActiveRecord: 0.0ms)


Completed 200 OK in 100ms (Views: 97.7ms | ActiveRecord: 0.0ms)


Started GET "/users/sign_in" for ::1 at 2017-03-13 09:13:42 -0500
Processing by Devise::SessionsController#new as HTML
  Rendering devise/sessions/new.html.erb within layouts/application
  Rendered devise/shared/_links.html.erb (2.6ms)
  Rendered devise/sessions/new.html.erb within layouts/application (7.8ms)
Completed 200 OK in 145ms (Views: 139.8ms | ActiveRecord: 0.0ms)


Started GET "/users/sign_in" for ::1 at 2017-03-13 09:13:43 -0500
Processing by Devise::SessionsController#new as HTML
  Rendering devise/sessions/new.html.erb within layouts/application
  Rendered devise/shared/_links.html.erb (1.5ms)
  Rendered devise/sessions/new.html.erb within layouts/application (7.5ms)
Completed 200 OK in 67ms (Views: 64.9ms | ActiveRecord: 0.0ms)


Started GET "/users/sign_in" for ::1 at 2017-03-13 09:13:43 -0500
Processing by Devise::SessionsController#new as HTML
  Rendering devise/sessions/new.html.erb within layouts/application
  Rendered devise/shared/_links.html.erb (3.0ms)
  Rendered devise/sessions/new.html.erb within layouts/application (10.1ms)
Completed 200 OK in 77ms (Views: 76.0ms | ActiveRecord: 0.0ms)


Started GET "/users/sign_in" for ::1 at 2017-03-13 09:13:44 -0500
Processing by Devise::SessionsController#new as HTML
  Rendering devise/sessions/new.html.erb within layouts/application
  Rendered devise/shared/_links.html.erb (2.4ms)
  Rendered devise/sessions/new.html.erb within layouts/application (8.2ms)
Completed 200 OK in 76ms (Views: 74.9ms | ActiveRecord: 0.0ms)


Started GET "/users/sign_in" for ::1 at 2017-03-13 09:13:44 -0500
Processing by Devise::SessionsController#new as HTML
  Rendering devise/sessions/new.html.erb within layouts/application
  Rendered devise/shared/_links.html.erb (1.6ms)
  Rendered devise/sessions/new.html.erb within layouts/application (7.1ms)
Completed 200 OK in 76ms (Views: 74.4ms | ActiveRecord: 0.0ms)


Started GET "/users/sign_in" for ::1 at 2017-03-13 09:13:45 -0500
Processing by Devise::SessionsController#new as HTML
  Rendering devise/sessions/new.html.erb within layouts/application
  Rendered devise/shared/_links.html.erb (1.5ms)
  Rendered devise/sessions/new.html.erb within layouts/application (6.7ms)
Completed 200 OK in 69ms (Views: 67.5ms | ActiveRecord: 0.0ms)


Started GET "/users/sign_in" for ::1 at 2017-03-13 09:13:45 -0500
Processing by Devise::SessionsController#new as HTML
  Rendering devise/sessions/new.html.erb within layouts/application
  Rendered devise/shared/_links.html.erb (2.1ms)
  Rendered devise/sessions/new.html.erb within layouts/application (7.6ms)
Completed 200 OK in 67ms (Views: 65.7ms | ActiveRecord: 0.0ms)


Started GET "/users/sign_in" for ::1 at 2017-03-13 09:13:46 -0500
Processing by Devise::SessionsController#new as HTML
  Rendering devise/sessions/new.html.erb within layouts/application
  Rendered devise/shared/_links.html.erb (1.3ms)
  Rendered devise/sessions/new.html.erb within layouts/application (5.8ms)
Completed 200 OK in 62ms (Views: 61.0ms | ActiveRecord: 0.0ms)


Started GET "/users/sign_in" for ::1 at 2017-03-13 09:13:46 -0500
Processing by Devise::SessionsController#new as HTML
  Rendering devise/sessions/new.html.erb within layouts/application
  Rendered devise/shared/_links.html.erb (1.8ms)
  Rendered devise/sessions/new.html.erb within layouts/application (6.8ms)
Completed 200 OK in 80ms (Views: 77.9ms | ActiveRecord: 0.0ms)


Started GET "/users/sign_in" for ::1 at 2017-03-13 09:13:50 -0500
Processing by Devise::SessionsController#new as HTML
  Rendering devise/sessions/new.html.erb within layouts/application
  Rendered devise/shared/_links.html.erb (1.9ms)
  Rendered devise/sessions/new.html.erb within layouts/application (7.5ms)
Completed 200 OK in 77ms (Views: 75.8ms | ActiveRecord: 0.0ms)


Started GET "/users/sign_in" for ::1 at 2017-03-13 09:13:51 -0500
Processing by Devise::SessionsController#new as HTML
  Rendering devise/sessions/new.html.erb within layouts/application
  Rendered devise/shared/_links.html.erb (1.9ms)
  Rendered devise/sessions/new.html.erb within layouts/application (7.8ms)
Completed 200 OK in 66ms (Views: 65.4ms | ActiveRecord: 0.0ms)


Started GET "/users/sign_in" for ::1 at 2017-03-13 09:13:51 -0500
Processing by Devise::SessionsController#new as HTML
  Rendering devise/sessions/new.html.erb within layouts/application
  Rendered devise/shared/_links.html.erb (2.2ms)
  Rendered devise/sessions/new.html.erb within layouts/application (7.2ms)
Completed 200 OK in 82ms (Views: 80.0ms | ActiveRecord: 0.0ms)


Started GET "/users/sign_in" for ::1 at 2017-03-13 09:21:39 -0500
  [1m[36mActiveRecord::SchemaMigration Load (19.0ms)[0m  [1m[34mSELECT "schema_migrations".* FROM "schema_migrations"[0m
Processing by Devise::SessionsController#new as HTML
  Rendering devise/sessions/new.html.erb within layouts/application
  Rendered devise/shared/_links.html.erb (1.6ms)
  Rendered devise/sessions/new.html.erb within layouts/application (247.9ms)
Completed 200 OK in 5104ms (Views: 5015.0ms | ActiveRecord: 1.0ms)


  
ActionController::RoutingError (No route matches [GET] "/assets/boostrap-sprockets"):
  
actionpack (5.0.1) lib/action_dispatch/middleware/debug_exceptions.rb:53:in `call'
web-console (3.4.0) lib/web_console/middleware.rb:135:in `call_app'
web-console (3.4.0) lib/web_console/middleware.rb:28:in `block in call'
web-console (3.4.0) lib/web_console/middleware.rb:18:in `catch'
web-console (3.4.0) lib/web_console/middleware.rb:18:in `call'
actionpack (5.0.1) lib/action_dispatch/middleware/show_exceptions.rb:31:in `call'
railties (5.0.1) lib/rails/rack/logger.rb:36:in `call_app'
railties (5.0.1) lib/rails/rack/logger.rb:24:in `block in call'
activesupport (5.0.1) lib/active_support/tagged_logging.rb:69:in `block in tagged'
activesupport (5.0.1) lib/active_support/tagged_logging.rb:26:in `tagged'
activesupport (5.0.1) lib/active_support/tagged_logging.rb:69:in `tagged'
railties (5.0.1) lib/rails/rack/logger.rb:24:in `call'
sprockets-rails (3.2.0) lib/sprockets/rails/quiet_assets.rb:11:in `block in call'
activesupport (5.0.1) lib/active_support/logger_silence.rb:20:in `silence'
activesupport (5.0.1) lib/active_support/logger.rb:63:in `block (3 levels) in broadcast'
activesupport (5.0.1) lib/active_support/logger_silence.rb:20:in `silence'
activesupport (5.0.1) lib/active_support/logger.rb:61:in `block (2 levels) in broadcast'
sprockets-rails (3.2.0) lib/sprockets/rails/quiet_assets.rb:11:in `call'
actionpack (5.0.1) lib/action_dispatch/middleware/request_id.rb:24:in `call'
rack (2.0.1) lib/rack/method_override.rb:22:in `call'
rack (2.0.1) lib/rack/runtime.rb:22:in `call'
activesupport (5.0.1) lib/active_support/cache/strategy/local_cache_middleware.rb:28:in `call'
actionpack (5.0.1) lib/action_dispatch/middleware/executor.rb:12:in `call'
actionpack (5.0.1) lib/action_dispatch/middleware/static.rb:136:in `call'
rack (2.0.1) lib/rack/sendfile.rb:111:in `call'
railties (5.0.1) lib/rails/engine.rb:522:in `call'
puma (3.7.1) lib/puma/configuration.rb:232:in `call'
puma (3.7.1) lib/puma/server.rb:578:in `handle_request'
puma (3.7.1) lib/puma/server.rb:415:in `process_client'
puma (3.7.1) lib/puma/server.rb:275:in `block in run'
puma (3.7.1) lib/puma/thread_pool.rb:120:in `block in spawn_thread'
Started GET "/users/sign_in" for ::1 at 2017-03-13 09:22:00 -0500
Processing by Devise::SessionsController#new as HTML
  Rendering devise/sessions/new.html.erb within layouts/application
  Rendered devise/shared/_links.html.erb (1.1ms)
  Rendered devise/sessions/new.html.erb within layouts/application (6.0ms)
Completed 200 OK in 102ms (Views: 99.9ms | ActiveRecord: 0.0ms)


  
ActionController::RoutingError (No route matches [GET] "/assets/boostrap-sprockets"):
  
actionpack (5.0.1) lib/action_dispatch/middleware/debug_exceptions.rb:53:in `call'
web-console (3.4.0) lib/web_console/middleware.rb:135:in `call_app'
web-console (3.4.0) lib/web_console/middleware.rb:28:in `block in call'
web-console (3.4.0) lib/web_console/middleware.rb:18:in `catch'
web-console (3.4.0) lib/web_console/middleware.rb:18:in `call'
actionpack (5.0.1) lib/action_dispatch/middleware/show_exceptions.rb:31:in `call'
railties (5.0.1) lib/rails/rack/logger.rb:36:in `call_app'
railties (5.0.1) lib/rails/rack/logger.rb:24:in `block in call'
activesupport (5.0.1) lib/active_support/tagged_logging.rb:69:in `block in tagged'
activesupport (5.0.1) lib/active_support/tagged_logging.rb:26:in `tagged'
activesupport (5.0.1) lib/active_support/tagged_logging.rb:69:in `tagged'
railties (5.0.1) lib/rails/rack/logger.rb:24:in `call'
sprockets-rails (3.2.0) lib/sprockets/rails/quiet_assets.rb:11:in `block in call'
activesupport (5.0.1) lib/active_support/logger_silence.rb:20:in `silence'
activesupport (5.0.1) lib/active_support/logger.rb:63:in `block (3 levels) in broadcast'
activesupport (5.0.1) lib/active_support/logger_silence.rb:20:in `silence'
activesupport (5.0.1) lib/active_support/logger.rb:61:in `block (2 levels) in broadcast'
sprockets-rails (3.2.0) lib/sprockets/rails/quiet_assets.rb:11:in `call'
actionpack (5.0.1) lib/action_dispatch/middleware/request_id.rb:24:in `call'
rack (2.0.1) lib/rack/method_override.rb:22:in `call'
rack (2.0.1) lib/rack/runtime.rb:22:in `call'
activesupport (5.0.1) lib/active_support/cache/strategy/local_cache_middleware.rb:28:in `call'
actionpack (5.0.1) lib/action_dispatch/middleware/executor.rb:12:in `call'
actionpack (5.0.1) lib/action_dispatch/middleware/static.rb:136:in `call'
rack (2.0.1) lib/rack/sendfile.rb:111:in `call'
railties (5.0.1) lib/rails/engine.rb:522:in `call'
puma (3.7.1) lib/puma/configuration.rb:232:in `call'
puma (3.7.1) lib/puma/server.rb:578:in `handle_request'
puma (3.7.1) lib/puma/server.rb:415:in `process_client'
puma (3.7.1) lib/puma/server.rb:275:in `block in run'
puma (3.7.1) lib/puma/thread_pool.rb:120:in `block in spawn_thread'
Started GET "/users/sign_in" for ::1 at 2017-03-13 09:30:06 -0500
  [1m[36mActiveRecord::SchemaMigration Load (0.7ms)[0m  [1m[34mSELECT "schema_migrations".* FROM "schema_migrations"[0m
Processing by Devise::SessionsController#new as HTML
  Rendering devise/sessions/new.html.erb within layouts/application
  Rendered devise/shared/_links.html.erb (3.4ms)
  Rendered devise/sessions/new.html.erb within layouts/application (194.3ms)
Completed 500 Internal Server Error in 784ms (ActiveRecord: 0.9ms)


  
ActionView::Template::Error (File to import not found or unreadable: boostrap-sprockets.
Load paths:
  /Users/avishkadalal/IdeaProjects/TPIS-fill_profile/app/assets/config
  /Users/avishkadalal/IdeaProjects/TPIS-fill_profile/app/assets/images
  /Users/avishkadalal/IdeaProjects/TPIS-fill_profile/app/assets/javascripts
  /Users/avishkadalal/IdeaProjects/TPIS-fill_profile/app/assets/stylesheets
  /Users/avishkadalal/IdeaProjects/TPIS-fill_profile/vendor/assets/javascripts
  /Users/avishkadalal/IdeaProjects/TPIS-fill_profile/vendor/assets/stylesheets
  /usr/local/var/rbenv/versions/2.2.5/lib/ruby/gems/2.2.0/gems/bundle/gems/jquery-rails-4.2.2/vendor/assets/javascripts
  /usr/local/var/rbenv/versions/2.2.5/lib/ruby/gems/2.2.0/gems/bundle/gems/coffee-rails-4.2.1/lib/assets/javascripts
  /usr/local/var/rbenv/versions/2.2.5/lib/ruby/gems/2.2.0/gems/bundle/gems/actioncable-5.0.1/lib/assets/compiled
  /usr/local/var/rbenv/versions/2.2.5/lib/ruby/gems/2.2.0/gems/bundle/gems/turbolinks-source-5.0.0/lib/assets/javascripts
  /usr/local/var/rbenv/versions/2.2.5/lib/ruby/gems/2.2.0/gems/bundle/gems/bootstrap-4.0.0.alpha6/assets/stylesheets
  /usr/local/var/rbenv/versions/2.2.5/lib/ruby/gems/2.2.0/gems/bundle/gems/bootstrap-4.0.0.alpha6/assets/javascripts
  /usr/local/var/rbenv/versions/2.2.5/lib/ruby/gems/2.2.0/gems/bundle/gems/bootstrap-4.0.0.alpha6/assets/stylesheets):
     7:     <!-- <link rel="stylesheet" href="https://maxcdn.bootstrapcdn.com/bootstrap/3.3.7/css/bootstrap.min.css" integrity="sha384-BVYiiSIFeK1dGmJRAkycuHAHRg32OmUcww7on3RYdg4Va+PmSTsz/K68vbdEjh4u" crossorigin="anonymous">
     8:     <script src="https://maxcdn.bootstrapcdn.com/bootstrap/3.3.7/js/bootstrap.min.js" integrity="sha384-Tc5IQib027qvyjSMfHjOMaLkfuWVxZxUPnCJA7l2mCWNIpG9mGCD8wGNIcPD7Txa" crossorigin="anonymous"></script>
     9:     -->
    10:     <%= stylesheet_link_tag    'application', media: 'all', 'data-turbolinks-track': 'reload' %>
    11:     <%= javascript_include_tag 'application', 'data-turbolinks-track': 'reload' %>
    12:   </head>
    13: 
  
app/assets/stylesheets/application.css.scss:20
app/views/layouts/application.html.erb:10:in `_app_views_layouts_application_html_erb__1754482691364972105_70278604768920'
  Rendering /usr/local/var/rbenv/versions/2.2.5/lib/ruby/gems/2.2.0/gems/bundle/gems/actionpack-5.0.1/lib/action_dispatch/middleware/templates/rescues/template_error.html.erb within rescues/layout
  Rendering /usr/local/var/rbenv/versions/2.2.5/lib/ruby/gems/2.2.0/gems/bundle/gems/actionpack-5.0.1/lib/action_dispatch/middleware/templates/rescues/_source.html.erb
  Rendered /usr/local/var/rbenv/versions/2.2.5/lib/ruby/gems/2.2.0/gems/bundle/gems/actionpack-5.0.1/lib/action_dispatch/middleware/templates/rescues/_source.html.erb (11.7ms)
  Rendering /usr/local/var/rbenv/versions/2.2.5/lib/ruby/gems/2.2.0/gems/bundle/gems/actionpack-5.0.1/lib/action_dispatch/middleware/templates/rescues/_trace.html.erb
  Rendered /usr/local/var/rbenv/versions/2.2.5/lib/ruby/gems/2.2.0/gems/bundle/gems/actionpack-5.0.1/lib/action_dispatch/middleware/templates/rescues/_trace.html.erb (3.7ms)
  Rendering /usr/local/var/rbenv/versions/2.2.5/lib/ruby/gems/2.2.0/gems/bundle/gems/actionpack-5.0.1/lib/action_dispatch/middleware/templates/rescues/_request_and_response.html.erb
  Rendered /usr/local/var/rbenv/versions/2.2.5/lib/ruby/gems/2.2.0/gems/bundle/gems/actionpack-5.0.1/lib/action_dispatch/middleware/templates/rescues/_request_and_response.html.erb (1.4ms)
  Rendered /usr/local/var/rbenv/versions/2.2.5/lib/ruby/gems/2.2.0/gems/bundle/gems/actionpack-5.0.1/lib/action_dispatch/middleware/templates/rescues/template_error.html.erb within rescues/layout (145.7ms)
Started GET "/users/sign_in" for ::1 at 2017-03-13 09:32:08 -0500
  [1m[36mActiveRecord::SchemaMigration Load (0.7ms)[0m  [1m[34mSELECT "schema_migrations".* FROM "schema_migrations"[0m
Processing by Devise::SessionsController#new as HTML
  Rendering devise/sessions/new.html.erb within layouts/application
  Rendered devise/shared/_links.html.erb (2.5ms)
  Rendered devise/sessions/new.html.erb within layouts/application (326.8ms)
Completed 500 Internal Server Error in 992ms (ActiveRecord: 1.2ms)


  
ActionView::Template::Error (File to import not found or unreadable: boostrap-sprockets.
Load paths:
  /Users/avishkadalal/IdeaProjects/TPIS-fill_profile/app/assets/config
  /Users/avishkadalal/IdeaProjects/TPIS-fill_profile/app/assets/images
  /Users/avishkadalal/IdeaProjects/TPIS-fill_profile/app/assets/javascripts
  /Users/avishkadalal/IdeaProjects/TPIS-fill_profile/app/assets/stylesheets
  /Users/avishkadalal/IdeaProjects/TPIS-fill_profile/vendor/assets/javascripts
  /Users/avishkadalal/IdeaProjects/TPIS-fill_profile/vendor/assets/stylesheets
  /usr/local/var/rbenv/versions/2.2.5/lib/ruby/gems/2.2.0/gems/bundle/gems/jquery-rails-4.2.2/vendor/assets/javascripts
  /usr/local/var/rbenv/versions/2.2.5/lib/ruby/gems/2.2.0/gems/bundle/gems/coffee-rails-4.2.1/lib/assets/javascripts
  /usr/local/var/rbenv/versions/2.2.5/lib/ruby/gems/2.2.0/gems/bundle/gems/actioncable-5.0.1/lib/assets/compiled
  /usr/local/var/rbenv/versions/2.2.5/lib/ruby/gems/2.2.0/gems/bundle/gems/turbolinks-source-5.0.0/lib/assets/javascripts
  /usr/local/var/rbenv/versions/2.2.5/lib/ruby/gems/2.2.0/gems/bundle/gems/bootstrap-sass-3.3.7/assets/stylesheets
  /usr/local/var/rbenv/versions/2.2.5/lib/ruby/gems/2.2.0/gems/bundle/gems/bootstrap-sass-3.3.7/assets/javascripts
  /usr/local/var/rbenv/versions/2.2.5/lib/ruby/gems/2.2.0/gems/bundle/gems/bootstrap-sass-3.3.7/assets/fonts
  /usr/local/var/rbenv/versions/2.2.5/lib/ruby/gems/2.2.0/gems/bundle/gems/bootstrap-sass-3.3.7/assets/images
  /usr/local/var/rbenv/versions/2.2.5/lib/ruby/gems/2.2.0/gems/bundle/gems/bootstrap-sass-3.3.7/assets/stylesheets
  /usr/local/var/rbenv/versions/2.2.5/lib/ruby/gems/2.2.0/gems/bundle/gems/bootstrap-sass-3.3.7/assets/javascripts
  /usr/local/var/rbenv/versions/2.2.5/lib/ruby/gems/2.2.0/gems/bundle/gems/bootstrap-sass-3.3.7/assets/stylesheets
  /usr/local/var/rbenv/versions/2.2.5/lib/ruby/gems/2.2.0/gems/bundle/gems/bootstrap-sass-3.3.7/assets/stylesheets):
     7:     <!-- <link rel="stylesheet" href="https://maxcdn.bootstrapcdn.com/bootstrap/3.3.7/css/bootstrap.min.css" integrity="sha384-BVYiiSIFeK1dGmJRAkycuHAHRg32OmUcww7on3RYdg4Va+PmSTsz/K68vbdEjh4u" crossorigin="anonymous">
     8:     <script src="https://maxcdn.bootstrapcdn.com/bootstrap/3.3.7/js/bootstrap.min.js" integrity="sha384-Tc5IQib027qvyjSMfHjOMaLkfuWVxZxUPnCJA7l2mCWNIpG9mGCD8wGNIcPD7Txa" crossorigin="anonymous"></script>
     9:     -->
    10:     <%= stylesheet_link_tag    'application', media: 'all', 'data-turbolinks-track': 'reload' %>
    11:     <%= javascript_include_tag 'application', 'data-turbolinks-track': 'reload' %>
    12:   </head>
    13: 
  
app/assets/stylesheets/application.css.scss:20
app/views/layouts/application.html.erb:10:in `_app_views_layouts_application_html_erb__4063979349996308809_70138929810980'
  Rendering /usr/local/var/rbenv/versions/2.2.5/lib/ruby/gems/2.2.0/gems/bundle/gems/actionpack-5.0.1/lib/action_dispatch/middleware/templates/rescues/template_error.html.erb within rescues/layout
  Rendering /usr/local/var/rbenv/versions/2.2.5/lib/ruby/gems/2.2.0/gems/bundle/gems/actionpack-5.0.1/lib/action_dispatch/middleware/templates/rescues/_source.html.erb
  Rendered /usr/local/var/rbenv/versions/2.2.5/lib/ruby/gems/2.2.0/gems/bundle/gems/actionpack-5.0.1/lib/action_dispatch/middleware/templates/rescues/_source.html.erb (11.4ms)
  Rendering /usr/local/var/rbenv/versions/2.2.5/lib/ruby/gems/2.2.0/gems/bundle/gems/actionpack-5.0.1/lib/action_dispatch/middleware/templates/rescues/_trace.html.erb
  Rendered /usr/local/var/rbenv/versions/2.2.5/lib/ruby/gems/2.2.0/gems/bundle/gems/actionpack-5.0.1/lib/action_dispatch/middleware/templates/rescues/_trace.html.erb (3.6ms)
  Rendering /usr/local/var/rbenv/versions/2.2.5/lib/ruby/gems/2.2.0/gems/bundle/gems/actionpack-5.0.1/lib/action_dispatch/middleware/templates/rescues/_request_and_response.html.erb
  Rendered /usr/local/var/rbenv/versions/2.2.5/lib/ruby/gems/2.2.0/gems/bundle/gems/actionpack-5.0.1/lib/action_dispatch/middleware/templates/rescues/_request_and_response.html.erb (0.9ms)
  Rendered /usr/local/var/rbenv/versions/2.2.5/lib/ruby/gems/2.2.0/gems/bundle/gems/actionpack-5.0.1/lib/action_dispatch/middleware/templates/rescues/template_error.html.erb within rescues/layout (204.6ms)
Started GET "/users/sign_in" for ::1 at 2017-03-13 09:32:36 -0500
Processing by Devise::SessionsController#new as HTML
  Rendering devise/sessions/new.html.erb within layouts/application
  Rendered devise/shared/_links.html.erb (1.3ms)
  Rendered devise/sessions/new.html.erb within layouts/application (6.2ms)
Completed 500 Internal Server Error in 133ms (ActiveRecord: 0.0ms)


  
ActionView::Template::Error (File to import not found or unreadable: boostrap-sprockets.
Load paths:
  /Users/avishkadalal/IdeaProjects/TPIS-fill_profile/app/assets/config
  /Users/avishkadalal/IdeaProjects/TPIS-fill_profile/app/assets/images
  /Users/avishkadalal/IdeaProjects/TPIS-fill_profile/app/assets/javascripts
  /Users/avishkadalal/IdeaProjects/TPIS-fill_profile/app/assets/stylesheets
  /Users/avishkadalal/IdeaProjects/TPIS-fill_profile/vendor/assets/javascripts
  /Users/avishkadalal/IdeaProjects/TPIS-fill_profile/vendor/assets/stylesheets
  /usr/local/var/rbenv/versions/2.2.5/lib/ruby/gems/2.2.0/gems/bundle/gems/jquery-rails-4.2.2/vendor/assets/javascripts
  /usr/local/var/rbenv/versions/2.2.5/lib/ruby/gems/2.2.0/gems/bundle/gems/coffee-rails-4.2.1/lib/assets/javascripts
  /usr/local/var/rbenv/versions/2.2.5/lib/ruby/gems/2.2.0/gems/bundle/gems/actioncable-5.0.1/lib/assets/compiled
  /usr/local/var/rbenv/versions/2.2.5/lib/ruby/gems/2.2.0/gems/bundle/gems/turbolinks-source-5.0.0/lib/assets/javascripts
  /usr/local/var/rbenv/versions/2.2.5/lib/ruby/gems/2.2.0/gems/bundle/gems/bootstrap-sass-3.3.7/assets/stylesheets
  /usr/local/var/rbenv/versions/2.2.5/lib/ruby/gems/2.2.0/gems/bundle/gems/bootstrap-sass-3.3.7/assets/javascripts
  /usr/local/var/rbenv/versions/2.2.5/lib/ruby/gems/2.2.0/gems/bundle/gems/bootstrap-sass-3.3.7/assets/fonts
  /usr/local/var/rbenv/versions/2.2.5/lib/ruby/gems/2.2.0/gems/bundle/gems/bootstrap-sass-3.3.7/assets/images
  /usr/local/var/rbenv/versions/2.2.5/lib/ruby/gems/2.2.0/gems/bundle/gems/bootstrap-sass-3.3.7/assets/stylesheets
  /usr/local/var/rbenv/versions/2.2.5/lib/ruby/gems/2.2.0/gems/bundle/gems/bootstrap-sass-3.3.7/assets/javascripts
  /usr/local/var/rbenv/versions/2.2.5/lib/ruby/gems/2.2.0/gems/bundle/gems/bootstrap-sass-3.3.7/assets/stylesheets
  /usr/local/var/rbenv/versions/2.2.5/lib/ruby/gems/2.2.0/gems/bundle/gems/bootstrap-sass-3.3.7/assets/stylesheets):
     7:     <!-- <link rel="stylesheet" href="https://maxcdn.bootstrapcdn.com/bootstrap/3.3.7/css/bootstrap.min.css" integrity="sha384-BVYiiSIFeK1dGmJRAkycuHAHRg32OmUcww7on3RYdg4Va+PmSTsz/K68vbdEjh4u" crossorigin="anonymous">
     8:     <script src="https://maxcdn.bootstrapcdn.com/bootstrap/3.3.7/js/bootstrap.min.js" integrity="sha384-Tc5IQib027qvyjSMfHjOMaLkfuWVxZxUPnCJA7l2mCWNIpG9mGCD8wGNIcPD7Txa" crossorigin="anonymous"></script>
     9:     -->
    10:     <%= stylesheet_link_tag    'application', media: 'all', 'data-turbolinks-track': 'reload' %>
    11:     <%= javascript_include_tag 'application', 'data-turbolinks-track': 'reload' %>
    12:   </head>
    13: 
  
app/assets/stylesheets/application.css.scss:20
app/views/layouts/application.html.erb:10:in `_app_views_layouts_application_html_erb__4063979349996308809_70138958882500'
  Rendering /usr/local/var/rbenv/versions/2.2.5/lib/ruby/gems/2.2.0/gems/bundle/gems/actionpack-5.0.1/lib/action_dispatch/middleware/templates/rescues/template_error.html.erb within rescues/layout
  Rendering /usr/local/var/rbenv/versions/2.2.5/lib/ruby/gems/2.2.0/gems/bundle/gems/actionpack-5.0.1/lib/action_dispatch/middleware/templates/rescues/_source.html.erb
  Rendered /usr/local/var/rbenv/versions/2.2.5/lib/ruby/gems/2.2.0/gems/bundle/gems/actionpack-5.0.1/lib/action_dispatch/middleware/templates/rescues/_source.html.erb (18.3ms)
  Rendering /usr/local/var/rbenv/versions/2.2.5/lib/ruby/gems/2.2.0/gems/bundle/gems/actionpack-5.0.1/lib/action_dispatch/middleware/templates/rescues/_trace.html.erb
  Rendered /usr/local/var/rbenv/versions/2.2.5/lib/ruby/gems/2.2.0/gems/bundle/gems/actionpack-5.0.1/lib/action_dispatch/middleware/templates/rescues/_trace.html.erb (3.9ms)
  Rendering /usr/local/var/rbenv/versions/2.2.5/lib/ruby/gems/2.2.0/gems/bundle/gems/actionpack-5.0.1/lib/action_dispatch/middleware/templates/rescues/_request_and_response.html.erb
  Rendered /usr/local/var/rbenv/versions/2.2.5/lib/ruby/gems/2.2.0/gems/bundle/gems/actionpack-5.0.1/lib/action_dispatch/middleware/templates/rescues/_request_and_response.html.erb (1.1ms)
  Rendered /usr/local/var/rbenv/versions/2.2.5/lib/ruby/gems/2.2.0/gems/bundle/gems/actionpack-5.0.1/lib/action_dispatch/middleware/templates/rescues/template_error.html.erb within rescues/layout (160.7ms)
Started GET "/users/sign_in" for ::1 at 2017-03-13 09:34:05 -0500
Processing by Devise::SessionsController#new as HTML
  Rendering devise/sessions/new.html.erb within layouts/application
  Rendered devise/shared/_links.html.erb (2.0ms)
  Rendered devise/sessions/new.html.erb within layouts/application (7.3ms)
Completed 200 OK in 11931ms (Views: 11929.3ms | ActiveRecord: 0.0ms)


Started GET "/javascripts/application.js" for ::1 at 2017-03-13 09:34:17 -0500
  
ActionController::RoutingError (No route matches [GET] "/javascripts/application.js"):
  
actionpack (5.0.1) lib/action_dispatch/middleware/debug_exceptions.rb:53:in `call'
web-console (3.4.0) lib/web_console/middleware.rb:135:in `call_app'
web-console (3.4.0) lib/web_console/middleware.rb:28:in `block in call'
web-console (3.4.0) lib/web_console/middleware.rb:18:in `catch'
web-console (3.4.0) lib/web_console/middleware.rb:18:in `call'
actionpack (5.0.1) lib/action_dispatch/middleware/show_exceptions.rb:31:in `call'
railties (5.0.1) lib/rails/rack/logger.rb:36:in `call_app'
railties (5.0.1) lib/rails/rack/logger.rb:24:in `block in call'
activesupport (5.0.1) lib/active_support/tagged_logging.rb:69:in `block in tagged'
activesupport (5.0.1) lib/active_support/tagged_logging.rb:26:in `tagged'
activesupport (5.0.1) lib/active_support/tagged_logging.rb:69:in `tagged'
railties (5.0.1) lib/rails/rack/logger.rb:24:in `call'
sprockets-rails (3.2.0) lib/sprockets/rails/quiet_assets.rb:13:in `call'
actionpack (5.0.1) lib/action_dispatch/middleware/request_id.rb:24:in `call'
rack (2.0.1) lib/rack/method_override.rb:22:in `call'
rack (2.0.1) lib/rack/runtime.rb:22:in `call'
activesupport (5.0.1) lib/active_support/cache/strategy/local_cache_middleware.rb:28:in `call'
actionpack (5.0.1) lib/action_dispatch/middleware/executor.rb:12:in `call'
actionpack (5.0.1) lib/action_dispatch/middleware/static.rb:136:in `call'
rack (2.0.1) lib/rack/sendfile.rb:111:in `call'
railties (5.0.1) lib/rails/engine.rb:522:in `call'
puma (3.7.1) lib/puma/configuration.rb:232:in `call'
puma (3.7.1) lib/puma/server.rb:578:in `handle_request'
puma (3.7.1) lib/puma/server.rb:415:in `process_client'
puma (3.7.1) lib/puma/server.rb:275:in `block in run'
puma (3.7.1) lib/puma/thread_pool.rb:120:in `block in spawn_thread'
  Rendering /usr/local/var/rbenv/versions/2.2.5/lib/ruby/gems/2.2.0/gems/bundle/gems/actionpack-5.0.1/lib/action_dispatch/middleware/templates/rescues/routing_error.html.erb within rescues/layout
  Rendering /usr/local/var/rbenv/versions/2.2.5/lib/ruby/gems/2.2.0/gems/bundle/gems/actionpack-5.0.1/lib/action_dispatch/middleware/templates/rescues/_trace.html.erb
  Rendered /usr/local/var/rbenv/versions/2.2.5/lib/ruby/gems/2.2.0/gems/bundle/gems/actionpack-5.0.1/lib/action_dispatch/middleware/templates/rescues/_trace.html.erb (1.9ms)
  Rendered collection of /usr/local/var/rbenv/versions/2.2.5/lib/ruby/gems/2.2.0/gems/bundle/gems/actionpack-5.0.1/lib/action_dispatch/middleware/templates/routes/_route.html.erb [39 times] (14.7ms)
  Rendered /usr/local/var/rbenv/versions/2.2.5/lib/ruby/gems/2.2.0/gems/bundle/gems/actionpack-5.0.1/lib/action_dispatch/middleware/templates/routes/_table.html.erb (1048.3ms)
  Rendering /usr/local/var/rbenv/versions/2.2.5/lib/ruby/gems/2.2.0/gems/bundle/gems/actionpack-5.0.1/lib/action_dispatch/middleware/templates/rescues/_request_and_response.html.erb
  Rendered /usr/local/var/rbenv/versions/2.2.5/lib/ruby/gems/2.2.0/gems/bundle/gems/actionpack-5.0.1/lib/action_dispatch/middleware/templates/rescues/_request_and_response.html.erb (2.0ms)
  Rendered /usr/local/var/rbenv/versions/2.2.5/lib/ruby/gems/2.2.0/gems/bundle/gems/actionpack-5.0.1/lib/action_dispatch/middleware/templates/rescues/routing_error.html.erb within rescues/layout (1351.5ms)
Started GET "/users/sign_in" for ::1 at 2017-03-13 09:36:27 -0500
  [1m[36mActiveRecord::SchemaMigration Load (15.8ms)[0m  [1m[34mSELECT "schema_migrations".* FROM "schema_migrations"[0m
Processing by Devise::SessionsController#new as HTML
  Rendering devise/sessions/new.html.erb within layouts/application
  Rendered devise/shared/_links.html.erb (2.3ms)
  Rendered devise/sessions/new.html.erb within layouts/application (271.2ms)
Completed 200 OK in 2272ms (Views: 2211.2ms | ActiveRecord: 1.0ms)


Started GET "/users/sign_in" for ::1 at 2017-03-13 09:36:47 -0500
Processing by Devise::SessionsController#new as HTML
  Rendering devise/sessions/new.html.erb within layouts/application
  Rendered devise/shared/_links.html.erb (2.1ms)
  Rendered devise/sessions/new.html.erb within layouts/application (16.1ms)
Completed 200 OK in 165ms (Views: 163.3ms | ActiveRecord: 0.0ms)


Started GET "/users/sign_in" for ::1 at 2017-03-13 09:37:14 -0500
Processing by Devise::SessionsController#new as HTML
  Rendering devise/sessions/new.html.erb within layouts/application
  Rendered devise/shared/_links.html.erb (1.4ms)
  Rendered devise/sessions/new.html.erb within layouts/application (15.5ms)
Completed 200 OK in 620ms (Views: 619.1ms | ActiveRecord: 0.0ms)


Started GET "/users/sign_in" for ::1 at 2017-03-13 09:37:16 -0500
Processing by Devise::SessionsController#new as HTML
  Rendering devise/sessions/new.html.erb within layouts/application
  Rendered devise/shared/_links.html.erb (1.4ms)
  Rendered devise/sessions/new.html.erb within layouts/application (6.4ms)
Completed 200 OK in 127ms (Views: 125.7ms | ActiveRecord: 0.0ms)


Started GET "/users/sign_in" for ::1 at 2017-03-13 09:37:19 -0500
Processing by Devise::SessionsController#new as HTML
  Rendering devise/sessions/new.html.erb within layouts/application
  Rendered devise/shared/_links.html.erb (3.1ms)
  Rendered devise/sessions/new.html.erb within layouts/application (11.3ms)
Completed 200 OK in 276ms (Views: 274.5ms | ActiveRecord: 0.0ms)


Started GET "/users/sign_in" for ::1 at 2017-03-13 15:59:07 -0500
Processing by Devise::SessionsController#new as HTML
  Rendering devise/sessions/new.html.erb within layouts/application
  Rendered devise/shared/_links.html.erb (2.7ms)
  Rendered devise/sessions/new.html.erb within layouts/application (42.9ms)
Completed 200 OK in 367ms (Views: 349.3ms | ActiveRecord: 0.0ms)


Started GET "/users/sign_in" for ::1 at 2017-03-13 15:59:12 -0500
Processing by Devise::SessionsController#new as HTML
  Rendering devise/sessions/new.html.erb within layouts/application
  Rendered devise/shared/_links.html.erb (3.6ms)
  Rendered devise/sessions/new.html.erb within layouts/application (13.5ms)
Completed 200 OK in 139ms (Views: 137.1ms | ActiveRecord: 0.0ms)


Started GET "/users/sign_in" for ::1 at 2017-03-13 15:59:14 -0500
Processing by Devise::SessionsController#new as HTML
  Rendering devise/sessions/new.html.erb within layouts/application
  Rendered devise/shared/_links.html.erb (1.2ms)
  Rendered devise/sessions/new.html.erb within layouts/application (5.4ms)
Completed 200 OK in 97ms (Views: 95.7ms | ActiveRecord: 0.0ms)


Started GET "/users/sign_in" for ::1 at 2017-03-13 15:59:16 -0500
Processing by Devise::SessionsController#new as HTML
  Rendering devise/sessions/new.html.erb within layouts/application
  Rendered devise/shared/_links.html.erb (5.6ms)
  Rendered devise/sessions/new.html.erb within layouts/application (14.7ms)
Completed 200 OK in 106ms (Views: 104.4ms | ActiveRecord: 0.0ms)


Started GET "/users/sign_up" for ::1 at 2017-03-13 16:00:45 -0500
Processing by Devise::RegistrationsController#new as HTML
  Rendering devise/registrations/new.html.erb within layouts/application
  Rendered devise/shared/_links.html.erb (6.1ms)
  Rendered devise/registrations/new.html.erb within layouts/application (36.8ms)
Completed 200 OK in 809ms (Views: 799.4ms | ActiveRecord: 0.0ms)


Started GET "/users/sign_up" for ::1 at 2017-03-13 16:00:46 -0500
Processing by Devise::RegistrationsController#new as HTML
  Rendering devise/registrations/new.html.erb within layouts/application
  Rendered devise/shared/_links.html.erb (1.4ms)
  Rendered devise/registrations/new.html.erb within layouts/application (5.7ms)
Completed 200 OK in 94ms (Views: 92.8ms | ActiveRecord: 0.0ms)


Started GET "/users/sign_up" for ::1 at 2017-03-13 16:00:56 -0500
Processing by Devise::RegistrationsController#new as HTML
  Rendering devise/registrations/new.html.erb within layouts/application
  Rendered devise/shared/_links.html.erb (1.0ms)
  Rendered devise/registrations/new.html.erb within layouts/application (5.1ms)
Completed 200 OK in 83ms (Views: 82.5ms | ActiveRecord: 0.0ms)


Started GET "/users/sign_in" for ::1 at 2017-03-13 16:01:12 -0500
Processing by Devise::SessionsController#new as HTML
  Rendering devise/sessions/new.html.erb within layouts/application
  Rendered devise/shared/_links.html.erb (1.8ms)
  Rendered devise/sessions/new.html.erb within layouts/application (6.8ms)
Completed 200 OK in 288ms (Views: 286.1ms | ActiveRecord: 0.0ms)


Started GET "/users/sign_in" for ::1 at 2017-03-13 16:01:20 -0500
Processing by Devise::SessionsController#new as HTML
  Rendering devise/sessions/new.html.erb within layouts/application
  Rendered devise/shared/_links.html.erb (1.9ms)
  Rendered devise/sessions/new.html.erb within layouts/application (6.6ms)
Completed 200 OK in 165ms (Views: 163.8ms | ActiveRecord: 0.0ms)


Started GET "/users/sign_in" for ::1 at 2017-03-13 16:01:24 -0500
Processing by Devise::SessionsController#new as HTML
  Rendering devise/sessions/new.html.erb within layouts/application
  Rendered devise/shared/_links.html.erb (2.3ms)
  Rendered devise/sessions/new.html.erb within layouts/application (8.9ms)
Completed 200 OK in 94ms (Views: 92.5ms | ActiveRecord: 0.0ms)


Started GET "/users/sign_in" for ::1 at 2017-03-13 16:01:25 -0500
Processing by Devise::SessionsController#new as HTML
  Rendering devise/sessions/new.html.erb within layouts/application
  Rendered devise/shared/_links.html.erb (2.2ms)
  Rendered devise/sessions/new.html.erb within layouts/application (11.7ms)
Completed 200 OK in 93ms (Views: 91.4ms | ActiveRecord: 0.0ms)


Started GET "/users/sign_in" for ::1 at 2017-03-13 16:01:27 -0500
Processing by Devise::SessionsController#new as HTML
  Rendering devise/sessions/new.html.erb within layouts/application
  Rendered devise/shared/_links.html.erb (1.8ms)
  Rendered devise/sessions/new.html.erb within layouts/application (9.1ms)
Completed 200 OK in 88ms (Views: 86.2ms | ActiveRecord: 0.0ms)


Started GET "/users/sign_in" for ::1 at 2017-03-13 16:01:37 -0500
Processing by Devise::SessionsController#new as HTML
  Rendering devise/sessions/new.html.erb within layouts/application
  Rendered devise/shared/_links.html.erb (1.3ms)
  Rendered devise/sessions/new.html.erb within layouts/application (6.0ms)
Completed 200 OK in 206ms (Views: 205.0ms | ActiveRecord: 0.0ms)


Started GET "/users/sign_up" for ::1 at 2017-03-13 16:01:38 -0500
Processing by Devise::RegistrationsController#new as HTML
  Rendering devise/registrations/new.html.erb within layouts/application
  Rendered devise/shared/_links.html.erb (1.4ms)
  Rendered devise/registrations/new.html.erb within layouts/application (16.8ms)
Completed 200 OK in 128ms (Views: 126.8ms | ActiveRecord: 0.0ms)


Started GET "/users/sign_in" for ::1 at 2017-03-13 16:01:40 -0500
Processing by Devise::SessionsController#new as HTML
  Rendering devise/sessions/new.html.erb within layouts/application
  Rendered devise/shared/_links.html.erb (3.1ms)
  Rendered devise/sessions/new.html.erb within layouts/application (10.1ms)
Completed 200 OK in 100ms (Views: 97.8ms | ActiveRecord: 0.0ms)


Started GET "/users/sign_up" for ::1 at 2017-03-13 16:01:41 -0500
Processing by Devise::RegistrationsController#new as HTML
  Rendering devise/registrations/new.html.erb within layouts/application
  Rendered devise/shared/_links.html.erb (2.1ms)
  Rendered devise/registrations/new.html.erb within layouts/application (11.7ms)
Completed 200 OK in 106ms (Views: 105.2ms | ActiveRecord: 0.0ms)


Started GET "/users/sign_in" for ::1 at 2017-03-13 16:01:42 -0500
Processing by Devise::SessionsController#new as HTML
  Rendering devise/sessions/new.html.erb within layouts/application
  Rendered devise/shared/_links.html.erb (2.1ms)
  Rendered devise/sessions/new.html.erb within layouts/application (12.9ms)
Completed 200 OK in 122ms (Views: 120.2ms | ActiveRecord: 0.0ms)


Started GET "/users/sign_up" for ::1 at 2017-03-13 16:01:43 -0500
Processing by Devise::RegistrationsController#new as HTML
  Rendering devise/registrations/new.html.erb within layouts/application
  Rendered devise/shared/_links.html.erb (2.0ms)
  Rendered devise/registrations/new.html.erb within layouts/application (10.2ms)
Completed 200 OK in 112ms (Views: 110.7ms | ActiveRecord: 0.0ms)


Started GET "/users/sign_in" for ::1 at 2017-03-13 16:01:44 -0500
Processing by Devise::SessionsController#new as HTML
  Rendering devise/sessions/new.html.erb within layouts/application
  Rendered devise/shared/_links.html.erb (2.2ms)
  Rendered devise/sessions/new.html.erb within layouts/application (9.8ms)
Completed 200 OK in 110ms (Views: 108.8ms | ActiveRecord: 0.0ms)


Started GET "/users/sign_up" for ::1 at 2017-03-13 16:01:45 -0500
Processing by Devise::RegistrationsController#new as HTML
  Rendering devise/registrations/new.html.erb within layouts/application
  Rendered devise/shared/_links.html.erb (2.5ms)
  Rendered devise/registrations/new.html.erb within layouts/application (10.3ms)
Completed 200 OK in 104ms (Views: 102.7ms | ActiveRecord: 0.0ms)


Started GET "/users/sign_in" for ::1 at 2017-03-13 16:01:46 -0500
Processing by Devise::SessionsController#new as HTML
  Rendering devise/sessions/new.html.erb within layouts/application
  Rendered devise/shared/_links.html.erb (2.4ms)
  Rendered devise/sessions/new.html.erb within layouts/application (10.1ms)
Completed 200 OK in 125ms (Views: 123.6ms | ActiveRecord: 0.0ms)


Started GET "/users/sign_up" for ::1 at 2017-03-13 16:01:46 -0500
Processing by Devise::RegistrationsController#new as HTML
  Rendering devise/registrations/new.html.erb within layouts/application
  Rendered devise/shared/_links.html.erb (2.3ms)
  Rendered devise/registrations/new.html.erb within layouts/application (11.2ms)
Completed 200 OK in 100ms (Views: 99.5ms | ActiveRecord: 0.0ms)


Started GET "/users/sign_in" for ::1 at 2017-03-13 16:01:47 -0500
Processing by Devise::SessionsController#new as HTML
  Rendering devise/sessions/new.html.erb within layouts/application
  Rendered devise/shared/_links.html.erb (2.4ms)
  Rendered devise/sessions/new.html.erb within layouts/application (10.2ms)
Completed 200 OK in 111ms (Views: 110.1ms | ActiveRecord: 0.0ms)


Started GET "/users/sign_up" for ::1 at 2017-03-13 16:01:48 -0500
Processing by Devise::RegistrationsController#new as HTML
  Rendering devise/registrations/new.html.erb within layouts/application
  Rendered devise/shared/_links.html.erb (2.2ms)
  Rendered devise/registrations/new.html.erb within layouts/application (9.9ms)
Completed 200 OK in 105ms (Views: 103.5ms | ActiveRecord: 0.0ms)


Started GET "/users/sign_in" for ::1 at 2017-03-13 16:01:49 -0500
Processing by Devise::SessionsController#new as HTML
  Rendering devise/sessions/new.html.erb within layouts/application
  Rendered devise/shared/_links.html.erb (2.6ms)
  Rendered devise/sessions/new.html.erb within layouts/application (10.8ms)
Completed 200 OK in 108ms (Views: 107.2ms | ActiveRecord: 0.0ms)


Started GET "/users/sign_up" for ::1 at 2017-03-13 16:01:50 -0500
Processing by Devise::RegistrationsController#new as HTML
  Rendering devise/registrations/new.html.erb within layouts/application
  Rendered devise/shared/_links.html.erb (2.0ms)
  Rendered devise/registrations/new.html.erb within layouts/application (10.1ms)
Completed 200 OK in 102ms (Views: 101.2ms | ActiveRecord: 0.0ms)


Started GET "/users/sign_up" for ::1 at 2017-03-13 16:03:00 -0500
Processing by Devise::RegistrationsController#new as HTML
  Rendering devise/registrations/new.html.erb within layouts/application
  Rendered devise/shared/_links.html.erb (2.2ms)
  Rendered devise/registrations/new.html.erb within layouts/application (8.8ms)
Completed 200 OK in 1196ms (Views: 1195.1ms | ActiveRecord: 0.0ms)


Started GET "/users/sign_up" for ::1 at 2017-03-13 16:03:32 -0500
Processing by Devise::RegistrationsController#new as HTML
  Rendering devise/registrations/new.html.erb within layouts/application
  Rendered devise/shared/_links.html.erb (1.2ms)
  Rendered devise/registrations/new.html.erb within layouts/application (6.1ms)
Completed 200 OK in 132ms (Views: 130.6ms | ActiveRecord: 0.0ms)


Started GET "/users/sign_up" for ::1 at 2017-03-13 16:03:35 -0500
Processing by Devise::RegistrationsController#new as HTML
  Rendering devise/registrations/new.html.erb within layouts/application
  Rendered devise/shared/_links.html.erb (1.5ms)
  Rendered devise/registrations/new.html.erb within layouts/application (6.4ms)
Completed 200 OK in 79ms (Views: 78.1ms | ActiveRecord: 0.0ms)


Started GET "/users/sign_up" for ::1 at 2017-03-13 16:04:14 -0500
Processing by Devise::RegistrationsController#new as HTML
  Rendering devise/registrations/new.html.erb within layouts/application
  Rendered devise/shared/_links.html.erb (1.3ms)
  Rendered devise/registrations/new.html.erb within layouts/application (7.6ms)
Completed 200 OK in 215ms (Views: 214.2ms | ActiveRecord: 0.0ms)


Started GET "/users/sign_up" for ::1 at 2017-03-13 16:04:16 -0500
Processing by Devise::RegistrationsController#new as HTML
  Rendering devise/registrations/new.html.erb within layouts/application
  Rendered devise/shared/_links.html.erb (1.2ms)
  Rendered devise/registrations/new.html.erb within layouts/application (5.2ms)
Completed 200 OK in 84ms (Views: 82.6ms | ActiveRecord: 0.0ms)


Started GET "/users/sign_up" for ::1 at 2017-03-13 16:04:19 -0500
Processing by Devise::RegistrationsController#new as HTML
  Rendering devise/registrations/new.html.erb within layouts/application
  Rendered devise/shared/_links.html.erb (1.0ms)
  Rendered devise/registrations/new.html.erb within layouts/application (5.0ms)
Completed 200 OK in 68ms (Views: 67.2ms | ActiveRecord: 0.0ms)


Started GET "/" for ::1 at 2017-03-13 16:04:23 -0500
Processing by LandingController#index as HTML
  Rendering landing/index.html.erb within layouts/application
  Rendered landing/index.html.erb within layouts/application (0.5ms)
Completed 200 OK in 98ms (Views: 70.3ms | ActiveRecord: 0.0ms)


Started GET "/" for ::1 at 2017-03-13 16:04:27 -0500
Processing by LandingController#index as HTML
  Rendering landing/index.html.erb within layouts/application
  Rendered landing/index.html.erb within layouts/application (0.6ms)
Completed 200 OK in 64ms (Views: 61.5ms | ActiveRecord: 0.0ms)


Started GET "/" for ::1 at 2017-03-13 16:04:29 -0500
Processing by LandingController#index as HTML
  Rendering landing/index.html.erb within layouts/application
  Rendered landing/index.html.erb within layouts/application (0.6ms)
Completed 200 OK in 69ms (Views: 66.2ms | ActiveRecord: 0.0ms)


Started GET "/" for ::1 at 2017-03-13 16:04:31 -0500
Processing by LandingController#index as HTML
  Rendering landing/index.html.erb within layouts/application
  Rendered landing/index.html.erb within layouts/application (0.7ms)
Completed 200 OK in 79ms (Views: 76.9ms | ActiveRecord: 0.0ms)


Started GET "/users/sign_in" for ::1 at 2017-03-13 16:04:33 -0500
Processing by Devise::SessionsController#new as HTML
  Rendering devise/sessions/new.html.erb within layouts/application
  Rendered devise/shared/_links.html.erb (1.3ms)
  Rendered devise/sessions/new.html.erb within layouts/application (7.4ms)
Completed 200 OK in 112ms (Views: 110.4ms | ActiveRecord: 0.0ms)


Started GET "/" for ::1 at 2017-03-13 16:05:12 -0500
Processing by LandingController#index as HTML
  Rendering landing/index.html.erb within layouts/application
  Rendered landing/index.html.erb within layouts/application (0.5ms)
Completed 200 OK in 767ms (Views: 727.7ms | ActiveRecord: 0.0ms)


Started GET "/" for ::1 at 2017-03-13 16:05:16 -0500
Processing by LandingController#index as HTML
  Rendering landing/index.html.erb within layouts/application
  Rendered landing/index.html.erb within layouts/application (0.5ms)
Completed 200 OK in 80ms (Views: 77.7ms | ActiveRecord: 0.0ms)


Started GET "/users/sign_in" for ::1 at 2017-03-13 16:05:21 -0500
Processing by Devise::SessionsController#new as HTML
  Rendering devise/sessions/new.html.erb within layouts/application
  Rendered devise/shared/_links.html.erb (2.0ms)
  Rendered devise/sessions/new.html.erb within layouts/application (13.9ms)
Completed 200 OK in 100ms (Views: 99.1ms | ActiveRecord: 0.0ms)


